Start testing: Aug 17 16:56 CEST
----------------------------------------------------------
Unable to find executable: /home/mariavittoria/hopfield_esame/build/Debug/final.test
1/1 Testing: final.test
1/1 Test: final.test
Command: ""
Directory: /home/mariavittoria/hopfield_esame/build
"final.test" start time: 
Output:
----------------------------------------------------------
<end of output>
Test time =   0.00 sec
----------------------------------------------------------
Test Passed.
"final.test" end time: Aug 17 16:56 CEST
"final.test" time elapsed: 00:00:00
----------------------------------------------------------

End testing: Aug 17 16:56 CEST
